<?xml version="1.0" encoding="UTF-8"?>
<!-- Generated by org.testng.reporters.JUnitXMLReporter -->
<testsuite ignored="0" hostname="Mansi" failures="0" tests="15" name="Free CRM App Test Cases" time="157.308" errors="0" timestamp="2025-05-10T17:41:07 EDT">
  <testcase classname="com.crm.qa.testcases.LoginPageTest" name="loginPageTitleTest" time="0.016"/>
  <testcase classname="com.crm.qa.testcases.LoginPageTest" name="loginTest" time="0.479"/>
  <testcase classname="com.crm.qa.testcases.HomePageTest" name="verifyHomePageTitleTest" time="0.005"/>
  <testcase classname="com.crm.qa.testcases.HomePageTest" name="verifyUserNameTest" time="0.679"/>
  <testcase classname="com.crm.qa.testcases.HomePageTest" name="verifycontactsLinkTest" time="0.653"/>
  <testcase classname="com.crm.qa.testcases.ContactsPageTest" name="verifyContactsPageLabelTest" time="0.019"/>
  <testcase classname="com.crm.qa.testcases.ContactsPageTest" name="selectSingleContactTest" time="0.517"/>
  <testcase classname="com.crm.qa.testcases.ContactsPageTest" name="selectMultipleContactsTest" time="0.513"/>
  <testcase classname="com.crm.qa.testcases.ContactsPageTest" name="createNewContactTest" time="4.307"/>
  <testcase classname="com.crm.qa.testcases.ContactsPageTest" name="createNewContactTest" time="4.216"/>
  <testcase classname="com.crm.qa.testcases.ContactsPageTest" name="createNewContactTest" time="4.412"/>
  <testcase classname="com.crm.qa.testcases.ContactsPageTest" name="createNewContactTest" time="4.218"/>
  <testcase classname="com.crm.qa.testcases.ContactsPageTest" name="createNewContactTest" time="5.169"/>
  <testcase classname="com.crm.qa.testcases.ContactsPageTest" name="createNewContactTest" time="4.489"/>
  <testcase classname="com.crm.qa.testcases.ContactsPageTest" name="createNewContactTest" time="4.592"/>
</testsuite> <!-- Free CRM App Test Cases -->
